{
  "RSpec": {
    "coverage": {
      "/home/cerulean-programmer-9463/tic-tac-toe-rb-online-web-sp-000/lib/tic_tac_toe.rb": [
        1,
        1,
        null,
        1,
        22,
        22,
        22,
        22,
        22,
        null,
        null,
        1,
        20,
        null,
        null,
        1,
        19,
        null,
        null,
        1,
        38,
        null,
        null,
        1,
        20,
        17,
        null,
        3,
        null,
        null,
        null,
        1,
        17,
        17,
        17,
        null,
        17,
        16,
        null,
        1,
        null,
        17,
        null,
        null,
        1,
        2,
        2,
        18,
        5,
        null,
        null,
        2,
        2,
        null,
        null,
        1,
        1,
        1,
        0,
        null,
        0,
        0,
        null,
        null,
        null,
        1,
        29,
        164,
        null,
        12,
        null,
        null,
        null,
        null,
        1,
        54,
        191,
        146,
        null,
        null,
        null,
        null,
        1,
        39,
        5,
        null,
        null,
        null,
        1,
        18,
        10,
        null,
        null,
        null,
        1,
        8,
        26,
        5,
        21,
        2,
        19,
        0,
        null,
        null,
        null,
        null,
        1,
        12,
        12,
        6,
        6,
        0,
        null,
        null
      ]
    },
    "timestamp": 1562104888
  }
}
