{
  "RSpec": {
    "coverage": {
      "/home/cerulean-programmer-9463/tic-tac-toe-rb-online-web-sp-000/lib/tic_tac_toe.rb": [
        1,
        1,
        null,
        1,
        12,
        12,
        5,
        7,
        3,
        null,
        null,
        null,
        1,
        26,
        26,
        26,
        26,
        26,
        null,
        null,
        1,
        24,
        null,
        null,
        1,
        23,
        null,
        null,
        1,
        116,
        null,
        null,
        1,
        24,
        null,
        null,
        1,
        21,
        21,
        21,
        null,
        21,
        20,
        null,
        1,
        null,
        21,
        null,
        null,
        1,
        220,
        null,
        null,
        1,
        21,
        null,
        null,
        null,
        1,
        35,
        233,
        null,
        null,
        null,
        null,
        null,
        1,
        75,
        328,
        264,
        null,
        null,
        null,
        null,
        1,
        56,
        7,
        null,
        null,
        null,
        1,
        22,
        10,
        null,
        null,
        null,
        1,
        7,
        32,
        4,
        28,
        2,
        26,
        0,
        null,
        null,
        null
      ]
    },
    "timestamp": 1562106127
  }
}
